<?xml version="1.0" encoding="UTF-8"?>
<testng-results ignored="0" total="1" passed="1" failed="0" skipped="0">
  <reporter-output>
  </reporter-output>
  <suite started-at="2023-09-27T23:43:25 IST" name="Default suite" finished-at="2023-09-27T23:43:30 IST" duration-ms="4910">
    <groups>
    </groups>
    <test started-at="2023-09-27T23:43:25 IST" name="Default test" finished-at="2023-09-27T23:43:30 IST" duration-ms="4910">
      <class name="ApiTest.CRUDoperation">
        <test-method signature="test()[pri:0, instance:ApiTest.CRUDoperation@50b5ac82]" started-at="2023-09-27T23:43:25 IST" name="test" finished-at="2023-09-27T23:43:30 IST" duration-ms="4857" status="PASS">
          <reporter-output>
          </reporter-output>
        </test-method> <!-- test -->
      </class> <!-- ApiTest.CRUDoperation -->
    </test> <!-- Default test -->
  </suite> <!-- Default suite -->
</testng-results>
